Ansys Lumerical 2022 R1.3 FDTD Solver Version 8.27.3016 (Windows 64bit)
 expires (month/day/year): Permanent
using config file: Ansys Licensing set with ANSYSLMD_LICENSE_FILE
license host: 1055@10.75.218.24
current time: qua out 16 04:05:56 2024
Running on host: DESKTOP-6CRJTJB
host available memory (GB): 54.516580
All processes are communicating and ready to proceed to simulation...
Running fsp file: C:\Program Files\Lumerical\v221\bin\fdtd-engine.exe -t 1 -remote C:/Users/alves/Documents/SimulacaoFDE/DC_FDTD_CBand_200_nm_012_um.fsp
Starting meshing
Simulation size in gridpoints: 45 x 1 x 10
Refined 0 mesh cells (0%)
Completed meshing!
Meshing complete in 0 seconds of CPU time
Starting meshing
Simulation size in gridpoints: 45 x 1 x 10
Refined 0 mesh cells (0%)
Completed meshing!
Meshing complete in 0 seconds of CPU time
Starting meshing
Simulation size in gridpoints: 45 x 1 x 10
Refined 0 mesh cells (0%)
Completed meshing!
Meshing complete in 0 seconds of CPU time
Starting meshing
Simulation size in gridpoints: 45 x 1 x 10
Refined 0 mesh cells (0%)
Completed meshing!
Meshing complete in 0.015625 seconds of CPU time
Starting meshing
Simulation size in gridpoints: 45 x 1 x 10
Refined 0 mesh cells (0%)
Completed meshing!
Meshing complete in 0 seconds of CPU time
Starting meshing
Simulation size in gridpoints: 45 x 1 x 10
Refined 0 mesh cells (0%)
Completed meshing!
Meshing complete in 0 seconds of CPU time
left is a duplicate key.
bottom is a duplicate key.
z1 is a duplicate key.
z2 is a duplicate key.
Nx is a duplicate key.
Ny is a duplicate key.
Nz is a duplicate key.
Starting meshing
Simulation size in gridpoints: 45 x 1 x 10
Refined 0 mesh cells (0%)
Completed meshing!
Meshing complete in 0 seconds of CPU time
Starting meshing
Simulation size in gridpoints: 45 x 1 x 10
Refined 0 mesh cells (0%)
Completed meshing!
Meshing complete in 0 seconds of CPU time
Starting meshing
Simulation size in gridpoints: 45 x 1 x 10
Refined 0 mesh cells (0%)
Completed meshing!
Meshing complete in 0 seconds of CPU time
left is a duplicate key.
bottom is a duplicate key.
z1 is a duplicate key.
z2 is a duplicate key.
Nx is a duplicate key.
Ny is a duplicate key.
Nz is a duplicate key.
Starting meshing
Simulation size in gridpoints: 1 x 35 x 10
Refined 0 mesh cells (0%)
Completed meshing!
Meshing complete in 0 seconds of CPU time
Starting meshing
Simulation size in gridpoints: 1 x 35 x 10
Refined 0 mesh cells (0%)
Completed meshing!
Meshing complete in 0 seconds of CPU time
Starting meshing
Simulation size in gridpoints: 1 x 35 x 10
Refined 0 mesh cells (0%)
Completed meshing!
Meshing complete in 0 seconds of CPU time
left is a duplicate key.
bottom is a duplicate key.
z1 is a duplicate key.
z2 is a duplicate key.
Nx is a duplicate key.
Ny is a duplicate key.
Nz is a duplicate key.
Starting meshing
Simulation size in gridpoints: 1 x 35 x 10
Refined 0 mesh cells (0%)
Completed meshing!
Meshing complete in 0 seconds of CPU time
Starting meshing
Simulation size in gridpoints: 1 x 35 x 10
Refined 0 mesh cells (0%)
Completed meshing!
Meshing complete in 0 seconds of CPU time
Starting meshing
Simulation size in gridpoints: 1 x 35 x 10
Refined 0 mesh cells (0%)
Completed meshing!
Meshing complete in 0 seconds of CPU time
left is a duplicate key.
bottom is a duplicate key.
z1 is a duplicate key.
z2 is a duplicate key.
Nx is a duplicate key.
Ny is a duplicate key.
Nz is a duplicate key.
number of processors is 1
processors are distributed as: 1x1x1
Running 3D Simulation
Starting meshing
Simulation size in gridpoints: 827 x 308 x 28
Refined 0 mesh cells (0%)
Completed meshing!
Meshing complete in 0.953125 seconds of CPU time
0 0
Starting meshing
Simulation size in gridpoints: 827 x 308 x 28
Refined 0 mesh cells (0%)
Completed meshing!
Meshing complete in 0.671875 seconds of CPU time
0 0
Starting meshing
Simulation size in gridpoints: 827 x 308 x 28
Refined 0 mesh cells (0%)
Completed meshing!
Meshing complete in 0.859375 seconds of CPU time
0 0
finished material properties
Meshing Time: 3.90221 seconds, Init Electrical Material Time: 0.231561 seconds, Init Magnetic Material Time: 0.0204547
Using selected optimization level: 2
Selecting 3d kernel for splitFieldDirection=0 and optLevel=2
-----------------------------------------
Beginning initialization of 3D Simulation
Starting to add sources to simulation
Adding 3D Mode source propagating in Y
Using frequency dependent profile
Starting to add boundary conditions to simulation
Adding 3D PML BC
Adding 3D PML BC
Adding 3D PML BC
Adding 3D PML BC
Adding 3D Symmetric BC
Adding 3D PML BC
Starting to add monitors to Simulation
Adding analysis monitor
Adding 3D DFT monitor
Adding 3D DFT monitor
Adding 3D DFT monitor
Adding 3D DFT monitor
Adding 3D DFT monitor
Finished initialization of 3D Simulation
-----------------------------------------
All processes are communicating and ready to proceed to simulation...
Starting 15277 total iterations
0.314191% complete. Max time remaining: 6 mins, 51 secs. Auto Shutoff: 1
1.57096% complete. Max time remaining: 6 mins, 43 secs. Auto Shutoff: 1
2.82772% complete. Max time remaining: 6 mins, 45 secs. Auto Shutoff: 1
4.08449% complete. Max time remaining: 6 mins, 42 secs. Auto Shutoff: 1
5.34125% complete. Max time remaining: 6 mins, 37 secs. Auto Shutoff: 1
6.59802% complete. Max time remaining: 6 mins, 32 secs. Auto Shutoff: 0.996612
7.85478% complete. Max time remaining: 6 mins, 29 secs. Auto Shutoff: 0.996612
9.11155% complete. Max time remaining: 6 mins, 28 secs. Auto Shutoff: 0.994921
10.3683% complete. Max time remaining: 6 mins, 25 secs. Auto Shutoff: 0.994289
11.6251% complete. Max time remaining: 6 mins, 22 secs. Auto Shutoff: 0.996034
12.8818% complete. Max time remaining: 6 mins, 18 secs. Auto Shutoff: 0.993043
14.1386% complete. Max time remaining: 6 mins, 13 secs. Auto Shutoff: 0.994278
15.3954% complete. Max time remaining: 6 mins, 8 secs. Auto Shutoff: 0.997521
16.6521% complete. Max time remaining: 6 mins, 2 secs. Auto Shutoff: 0.993897
17.9089% complete. Max time remaining: 5 mins, 56 secs. Auto Shutoff: 0.99315
19.1657% complete. Max time remaining: 5 mins, 51 secs. Auto Shutoff: 0.993186
20.4224% complete. Max time remaining: 5 mins, 45 secs. Auto Shutoff: 0.994357
21.6792% complete. Max time remaining: 5 mins, 40 secs. Auto Shutoff: 0.993589
22.936% complete. Max time remaining: 5 mins, 36 secs. Auto Shutoff: 0.993475
24.1927% complete. Max time remaining: 5 mins, 31 secs. Auto Shutoff: 0.993475
25.4495% complete. Max time remaining: 5 mins, 26 secs. Auto Shutoff: 0.993492
26.7063% complete. Max time remaining: 5 mins, 21 secs. Auto Shutoff: 0.993513
27.963% complete. Max time remaining: 5 mins, 16 secs. Auto Shutoff: 0.993543
29.2198% complete. Max time remaining: 5 mins, 11 secs. Auto Shutoff: 0.993573
30.4766% complete. Max time remaining: 5 mins, 6 secs. Auto Shutoff: 0.993578
31.7333% complete. Max time remaining: 5 mins, 0 secs. Auto Shutoff: 0.993615
32.9901% complete. Max time remaining: 4 mins, 55 secs. Auto Shutoff: 0.993618
34.2469% complete. Max time remaining: 4 mins, 50 secs. Auto Shutoff: 0.993587
35.5036% complete. Max time remaining: 4 mins, 45 secs. Auto Shutoff: 0.993494
36.7604% complete. Max time remaining: 4 mins, 39 secs. Auto Shutoff: 0.99342
38.0172% complete. Max time remaining: 4 mins, 34 secs. Auto Shutoff: 0.994138
39.2739% complete. Max time remaining: 4 mins, 28 secs. Auto Shutoff: 0.993287
40.5307% complete. Max time remaining: 4 mins, 23 secs. Auto Shutoff: 0.992483
41.7875% complete. Max time remaining: 4 mins, 17 secs. Auto Shutoff: 0.992545
43.0442% complete. Max time remaining: 4 mins, 11 secs. Auto Shutoff: 0.992498
44.301% complete. Max time remaining: 4 mins, 5 secs. Auto Shutoff: 0.989587
45.5577% complete. Max time remaining: 3 mins, 60 secs. Auto Shutoff: 0.986695
46.8145% complete. Max time remaining: 3 mins, 54 secs. Auto Shutoff: 0.979714
48.0713% complete. Max time remaining: 3 mins, 48 secs. Auto Shutoff: 0.956625
49.328% complete. Max time remaining: 3 mins, 43 secs. Auto Shutoff: 0.635871
50.5848% complete. Max time remaining: 3 mins, 38 secs. Auto Shutoff: 0.48195
51.8416% complete. Max time remaining: 3 mins, 32 secs. Auto Shutoff: 0.475952
53.0983% complete. Max time remaining: 3 mins, 27 secs. Auto Shutoff: 0.47368
54.3551% complete. Max time remaining: 3 mins, 21 secs. Auto Shutoff: 0.412141
55.6119% complete. Max time remaining: 3 mins, 15 secs. Auto Shutoff: 0.259756
56.8686% complete. Max time remaining: 3 mins, 10 secs. Auto Shutoff: 0.0639007
58.1254% complete. Max time remaining: 3 mins, 4 secs. Auto Shutoff: 0.00162085
59.3822% complete. Max time remaining: 2 mins, 58 secs. Auto Shutoff: 0.000175948
60.6389% complete. Max time remaining: 2 mins, 53 secs. Auto Shutoff: 0.000151655
61.8957% complete. Max time remaining: 2 mins, 47 secs. Auto Shutoff: 0.000141009
63.1525% complete. Max time remaining: 2 mins, 41 secs. Auto Shutoff: 0.000133217
64.4092% complete. Max time remaining: 2 mins, 36 secs. Auto Shutoff: 0.000125009
65.666% complete. Max time remaining: 2 mins, 30 secs. Auto Shutoff: 0.000118511
66.9228% complete. Max time remaining: 2 mins, 25 secs. Auto Shutoff: 0.000109242
68.1795% complete. Max time remaining: 2 mins, 19 secs. Auto Shutoff: 0.000104004
69.4363% complete. Max time remaining: 2 mins, 14 secs. Auto Shutoff: 0.0001007
70.6931% complete. Max time remaining: 2 mins, 8 secs. Auto Shutoff: 9.96134e-05
71.9498% complete. Max time remaining: 2 mins, 3 secs. Auto Shutoff: 9.84828e-05
73.2066% complete. Max time remaining: 1 min, 57 secs. Auto Shutoff: 9.52901e-05
74.4634% complete. Max time remaining: 1 min, 52 secs. Auto Shutoff: 9.18272e-05
75.7201% complete. Max time remaining: 1 min, 46 secs. Auto Shutoff: 8.7052e-05
76.9769% complete. Max time remaining: 1 min, 41 secs. Auto Shutoff: 8.37502e-05
78.2337% complete. Max time remaining: 1 min, 35 secs. Auto Shutoff: 7.49412e-05
79.4904% complete. Max time remaining: 1 min, 30 secs. Auto Shutoff: 6.98425e-05
80.7472% complete. Max time remaining: 1 min, 24 secs. Auto Shutoff: 6.67004e-05
82.0039% complete. Max time remaining: 1 min, 19 secs. Auto Shutoff: 6.0631e-05
83.2607% complete. Max time remaining: 1 min, 13 secs. Auto Shutoff: 5.25747e-05
84.5175% complete. Max time remaining: 1 min, 8 secs. Auto Shutoff: 4.80302e-05
85.7742% complete. Max time remaining: 1 min, 2 secs. Auto Shutoff: 4.37509e-05
87.031% complete. Max time remaining: 57 secs. Auto Shutoff: 4.08552e-05
88.2878% complete. Max time remaining: 51 secs. Auto Shutoff: 3.78853e-05
89.5445% complete. Max time remaining: 46 secs. Auto Shutoff: 3.42301e-05
90.8013% complete. Max time remaining: 40 secs. Auto Shutoff: 2.93143e-05
92.0581% complete. Max time remaining: 35 secs. Auto Shutoff: 2.62459e-05
93.3148% complete. Max time remaining: 29 secs. Auto Shutoff: 2.50549e-05
94.5716% complete. Max time remaining: 24 secs. Auto Shutoff: 1.96256e-05
95.8284% complete. Max time remaining: 18 secs. Auto Shutoff: 1.42153e-05
97.0851% complete. Max time remaining: 13 secs. Auto Shutoff: 1.11573e-05
100% complete. Max time remaining: 0 mins, 0 secs. Auto Shutoff: 9.03739e-06
Early termination of simulation, the autoshutoff criteria are satisfied.
Completed 14969 iterations, or 1.208511e-12s of Simulation Time
Process 0 starting to collect data
    collecting monitor data
    collecting source data
Using frequency dependent profile
Finished collecting data
left is a duplicate key.
bottom is a duplicate key.
z1 is a duplicate key.
z2 is a duplicate key.
Nx is a duplicate key.
Ny is a duplicate key.
Nz is a duplicate key.
left is a duplicate key.
bottom is a duplicate key.
z1 is a duplicate key.
z2 is a duplicate key.
Nx is a duplicate key.
Ny is a duplicate key.
Nz is a duplicate key.
left is a duplicate key.
bottom is a duplicate key.
z1 is a duplicate key.
z2 is a duplicate key.
Nx is a duplicate key.
Ny is a duplicate key.
Nz is a duplicate key.
left is a duplicate key.
bottom is a duplicate key.
z1 is a duplicate key.
z2 is a duplicate key.
Nx is a duplicate key.
Ny is a duplicate key.
Nz is a duplicate key.
Simulation completed successfully at: qua out 16 04:13:14 2024
Overall wall time measurements in seconds: 484.197
    time to mesh and initialize: 6.50773
    time to run FDTD simulation: 428.912
    time to checkpoint simulation: 3e-07
    time to finalize data and save to files: 2.68016
    miscellaneous time: 46.0972
    FDTD solver speed on process 0: 248.908 Mnodes/s
    total FDTD solver speed on 1 processes: 248.908 Mnodes/s
