Ansys Lumerical 2022 R1.3 FDTD Solver Version 8.27.3016 (Windows 64bit)
 expires (month/day/year): Permanent
using config file: Ansys Licensing set with ANSYSLMD_LICENSE_FILE
license host: 1055@10.75.218.24
current time: qua out 16 02:31:13 2024
Running on host: DESKTOP-6CRJTJB
host available memory (GB): 54.491611
All processes are communicating and ready to proceed to simulation...
Running fsp file: C:\Program Files\Lumerical\v221\bin\fdtd-engine.exe -t 1 -remote C:/Users/alves/Documents/SimulacaoFDE/DC_FDTD_CBand_200_nm_010_um.fsp
Starting meshing
Simulation size in gridpoints: 45 x 1 x 10
Refined 0 mesh cells (0%)
Completed meshing!
Meshing complete in 0 seconds of CPU time
Starting meshing
Simulation size in gridpoints: 45 x 1 x 10
Refined 0 mesh cells (0%)
Completed meshing!
Meshing complete in 0 seconds of CPU time
Starting meshing
Simulation size in gridpoints: 45 x 1 x 10
Refined 0 mesh cells (0%)
Completed meshing!
Meshing complete in 0 seconds of CPU time
Starting meshing
Simulation size in gridpoints: 45 x 1 x 10
Refined 0 mesh cells (0%)
Completed meshing!
Meshing complete in 0 seconds of CPU time
Starting meshing
Simulation size in gridpoints: 45 x 1 x 10
Refined 0 mesh cells (0%)
Completed meshing!
Meshing complete in 0 seconds of CPU time
Starting meshing
Simulation size in gridpoints: 45 x 1 x 10
Refined 0 mesh cells (0%)
Completed meshing!
Meshing complete in 0 seconds of CPU time
left is a duplicate key.
bottom is a duplicate key.
z1 is a duplicate key.
z2 is a duplicate key.
Nx is a duplicate key.
Ny is a duplicate key.
Nz is a duplicate key.
Starting meshing
Simulation size in gridpoints: 45 x 1 x 10
Refined 0 mesh cells (0%)
Completed meshing!
Meshing complete in 0 seconds of CPU time
Starting meshing
Simulation size in gridpoints: 45 x 1 x 10
Refined 0 mesh cells (0%)
Completed meshing!
Meshing complete in 0 seconds of CPU time
Starting meshing
Simulation size in gridpoints: 45 x 1 x 10
Refined 0 mesh cells (0%)
Completed meshing!
Meshing complete in 0 seconds of CPU time
left is a duplicate key.
bottom is a duplicate key.
z1 is a duplicate key.
z2 is a duplicate key.
Nx is a duplicate key.
Ny is a duplicate key.
Nz is a duplicate key.
Starting meshing
Simulation size in gridpoints: 1 x 35 x 10
Refined 0 mesh cells (0%)
Completed meshing!
Meshing complete in 0 seconds of CPU time
Starting meshing
Simulation size in gridpoints: 1 x 35 x 10
Refined 0 mesh cells (0%)
Completed meshing!
Meshing complete in 0 seconds of CPU time
Starting meshing
Simulation size in gridpoints: 1 x 35 x 10
Refined 0 mesh cells (0%)
Completed meshing!
Meshing complete in 0 seconds of CPU time
left is a duplicate key.
bottom is a duplicate key.
z1 is a duplicate key.
z2 is a duplicate key.
Nx is a duplicate key.
Ny is a duplicate key.
Nz is a duplicate key.
Starting meshing
Simulation size in gridpoints: 1 x 35 x 10
Refined 0 mesh cells (0%)
Completed meshing!
Meshing complete in 0 seconds of CPU time
Starting meshing
Simulation size in gridpoints: 1 x 35 x 10
Refined 0 mesh cells (0%)
Completed meshing!
Meshing complete in 0 seconds of CPU time
Starting meshing
Simulation size in gridpoints: 1 x 35 x 10
Refined 0 mesh cells (0%)
Completed meshing!
Meshing complete in 0 seconds of CPU time
left is a duplicate key.
bottom is a duplicate key.
z1 is a duplicate key.
z2 is a duplicate key.
Nx is a duplicate key.
Ny is a duplicate key.
Nz is a duplicate key.
number of processors is 1
processors are distributed as: 1x1x1
Running 3D Simulation
Starting meshing
Simulation size in gridpoints: 783 x 308 x 28
Refined 0 mesh cells (0%)
Completed meshing!
Meshing complete in 0.75 seconds of CPU time
0 0
Starting meshing
Simulation size in gridpoints: 783 x 308 x 28
Refined 0 mesh cells (0%)
Completed meshing!
Meshing complete in 1.125 seconds of CPU time
0 0
Starting meshing
Simulation size in gridpoints: 783 x 308 x 28
Refined 0 mesh cells (0%)
Completed meshing!
Meshing complete in 1.15625 seconds of CPU time
0 0
finished material properties
Meshing Time: 3.62318 seconds, Init Electrical Material Time: 0.214181 seconds, Init Magnetic Material Time: 0.0190919
Using selected optimization level: 2
Selecting 3d kernel for splitFieldDirection=0 and optLevel=2
-----------------------------------------
Beginning initialization of 3D Simulation
Starting to add sources to simulation
Adding 3D Mode source propagating in Y
Using frequency dependent profile
Starting to add boundary conditions to simulation
Adding 3D PML BC
Adding 3D PML BC
Adding 3D PML BC
Adding 3D PML BC
Adding 3D Symmetric BC
Adding 3D PML BC
Starting to add monitors to Simulation
Adding analysis monitor
Adding 3D DFT monitor
Adding 3D DFT monitor
Adding 3D DFT monitor
Adding 3D DFT monitor
Adding 3D DFT monitor
Finished initialization of 3D Simulation
-----------------------------------------
All processes are communicating and ready to proceed to simulation...
Starting 14729 total iterations
0.32588% complete. Max time remaining: 6 mins, 27 secs. Auto Shutoff: 1
1.6294% complete. Max time remaining: 6 mins, 8 secs. Auto Shutoff: 1
2.93292% complete. Max time remaining: 6 mins, 13 secs. Auto Shutoff: 1
4.23645% complete. Max time remaining: 6 mins, 18 secs. Auto Shutoff: 1
5.53997% complete. Max time remaining: 6 mins, 18 secs. Auto Shutoff: 1
6.84349% complete. Max time remaining: 6 mins, 15 secs. Auto Shutoff: 0.996579
8.14701% complete. Max time remaining: 6 mins, 12 secs. Auto Shutoff: 0.996669
9.45053% complete. Max time remaining: 6 mins, 8 secs. Auto Shutoff: 0.994626
10.7541% complete. Max time remaining: 6 mins, 3 secs. Auto Shutoff: 0.994368
12.0576% complete. Max time remaining: 5 mins, 57 secs. Auto Shutoff: 0.996078
13.3611% complete. Max time remaining: 5 mins, 51 secs. Auto Shutoff: 0.992882
14.6646% complete. Max time remaining: 5 mins, 45 secs. Auto Shutoff: 0.994358
15.9681% complete. Max time remaining: 5 mins, 39 secs. Auto Shutoff: 0.997482
17.2717% complete. Max time remaining: 5 mins, 33 secs. Auto Shutoff: 0.993856
18.5752% complete. Max time remaining: 5 mins, 28 secs. Auto Shutoff: 0.993094
19.8787% complete. Max time remaining: 5 mins, 24 secs. Auto Shutoff: 0.993
21.1822% complete. Max time remaining: 5 mins, 19 secs. Auto Shutoff: 0.994328
22.4858% complete. Max time remaining: 5 mins, 14 secs. Auto Shutoff: 0.993568
23.7893% complete. Max time remaining: 5 mins, 9 secs. Auto Shutoff: 0.993452
25.0928% complete. Max time remaining: 5 mins, 5 secs. Auto Shutoff: 0.993453
26.3963% complete. Max time remaining: 4 mins, 59 secs. Auto Shutoff: 0.993461
27.6998% complete. Max time remaining: 4 mins, 53 secs. Auto Shutoff: 0.993492
29.0034% complete. Max time remaining: 4 mins, 48 secs. Auto Shutoff: 0.993509
30.3069% complete. Max time remaining: 4 mins, 42 secs. Auto Shutoff: 0.993553
31.6104% complete. Max time remaining: 4 mins, 37 secs. Auto Shutoff: 0.993535
32.9139% complete. Max time remaining: 4 mins, 31 secs. Auto Shutoff: 0.993547
34.2174% complete. Max time remaining: 4 mins, 26 secs. Auto Shutoff: 0.993592
35.521% complete. Max time remaining: 4 mins, 21 secs. Auto Shutoff: 0.993215
36.8245% complete. Max time remaining: 4 mins, 16 secs. Auto Shutoff: 0.99455
38.128% complete. Max time remaining: 4 mins, 11 secs. Auto Shutoff: 0.993233
39.4315% complete. Max time remaining: 4 mins, 6 secs. Auto Shutoff: 0.99285
40.7351% complete. Max time remaining: 4 mins, 0 secs. Auto Shutoff: 0.99279
42.0386% complete. Max time remaining: 3 mins, 55 secs. Auto Shutoff: 0.990779
43.3421% complete. Max time remaining: 3 mins, 49 secs. Auto Shutoff: 0.988887
44.6456% complete. Max time remaining: 3 mins, 44 secs. Auto Shutoff: 0.988087
45.9491% complete. Max time remaining: 3 mins, 38 secs. Auto Shutoff: 0.984978
47.2527% complete. Max time remaining: 3 mins, 32 secs. Auto Shutoff: 0.976512
48.5562% complete. Max time remaining: 3 mins, 27 secs. Auto Shutoff: 0.792533
49.8597% complete. Max time remaining: 3 mins, 22 secs. Auto Shutoff: 0.528819
51.1632% complete. Max time remaining: 3 mins, 17 secs. Auto Shutoff: 0.512875
52.4668% complete. Max time remaining: 3 mins, 12 secs. Auto Shutoff: 0.508759
53.7703% complete. Max time remaining: 3 mins, 7 secs. Auto Shutoff: 0.499454
55.0738% complete. Max time remaining: 3 mins, 1 secs. Auto Shutoff: 0.264468
56.3773% complete. Max time remaining: 2 mins, 56 secs. Auto Shutoff: 0.031734
57.6808% complete. Max time remaining: 2 mins, 51 secs. Auto Shutoff: 0.00484681
58.9844% complete. Max time remaining: 2 mins, 46 secs. Auto Shutoff: 0.000218368
60.2879% complete. Max time remaining: 2 mins, 40 secs. Auto Shutoff: 0.000163959
61.5914% complete. Max time remaining: 2 mins, 35 secs. Auto Shutoff: 0.000148177
62.8949% complete. Max time remaining: 2 mins, 30 secs. Auto Shutoff: 0.000136132
64.1984% complete. Max time remaining: 2 mins, 25 secs. Auto Shutoff: 0.000129985
65.502% complete. Max time remaining: 2 mins, 19 secs. Auto Shutoff: 0.00011884
66.8055% complete. Max time remaining: 2 mins, 14 secs. Auto Shutoff: 0.000111377
68.109% complete. Max time remaining: 2 mins, 9 secs. Auto Shutoff: 0.000107375
69.4125% complete. Max time remaining: 2 mins, 4 secs. Auto Shutoff: 0.000105262
70.7161% complete. Max time remaining: 1 min, 58 secs. Auto Shutoff: 0.0001059
72.0196% complete. Max time remaining: 1 min, 53 secs. Auto Shutoff: 0.000101077
73.3231% complete. Max time remaining: 1 min, 48 secs. Auto Shutoff: 9.45624e-05
74.6266% complete. Max time remaining: 1 min, 42 secs. Auto Shutoff: 8.59648e-05
75.9301% complete. Max time remaining: 1 min, 37 secs. Auto Shutoff: 7.94332e-05
77.2337% complete. Max time remaining: 1 min, 32 secs. Auto Shutoff: 7.42232e-05
78.5372% complete. Max time remaining: 1 min, 26 secs. Auto Shutoff: 7.04408e-05
79.8407% complete. Max time remaining: 1 min, 21 secs. Auto Shutoff: 6.54243e-05
81.1442% complete. Max time remaining: 1 min, 16 secs. Auto Shutoff: 5.78616e-05
82.4478% complete. Max time remaining: 1 min, 11 secs. Auto Shutoff: 5.18535e-05
83.7513% complete. Max time remaining: 1 min, 5 secs. Auto Shutoff: 4.8788e-05
85.0548% complete. Max time remaining: 1 min, 0 secs. Auto Shutoff: 4.43936e-05
86.3583% complete. Max time remaining: 55 secs. Auto Shutoff: 4.08065e-05
87.6618% complete. Max time remaining: 50 secs. Auto Shutoff: 3.69466e-05
88.9654% complete. Max time remaining: 44 secs. Auto Shutoff: 3.30529e-05
90.2689% complete. Max time remaining: 39 secs. Auto Shutoff: 2.81743e-05
91.5724% complete. Max time remaining: 34 secs. Auto Shutoff: 2.49391e-05
92.8759% complete. Max time remaining: 29 secs. Auto Shutoff: 2.01149e-05
94.1794% complete. Max time remaining: 23 secs. Auto Shutoff: 1.43656e-05
95.483% complete. Max time remaining: 18 secs. Auto Shutoff: 1.12682e-05
96.7865% complete. Max time remaining: 13 secs. Auto Shutoff: 1.02968e-05
100% complete. Max time remaining: 0 mins, 0 secs. Auto Shutoff: 9.35807e-06
Early termination of simulation, the autoshutoff criteria are satisfied.
Completed 14262 iterations, or 1.151432e-12s of Simulation Time
Process 0 starting to collect data
    collecting monitor data
    collecting source data
Using frequency dependent profile
Finished collecting data
left is a duplicate key.
bottom is a duplicate key.
z1 is a duplicate key.
z2 is a duplicate key.
Nx is a duplicate key.
Ny is a duplicate key.
Nz is a duplicate key.
left is a duplicate key.
bottom is a duplicate key.
z1 is a duplicate key.
z2 is a duplicate key.
Nx is a duplicate key.
Ny is a duplicate key.
Nz is a duplicate key.
left is a duplicate key.
bottom is a duplicate key.
z1 is a duplicate key.
z2 is a duplicate key.
Nx is a duplicate key.
Ny is a duplicate key.
Nz is a duplicate key.
left is a duplicate key.
bottom is a duplicate key.
z1 is a duplicate key.
z2 is a duplicate key.
Nx is a duplicate key.
Ny is a duplicate key.
Nz is a duplicate key.
Simulation completed successfully at: qua out 16 02:37:52 2024
Overall wall time measurements in seconds: 444.562
    time to mesh and initialize: 6.04829
    time to run FDTD simulation: 390.477
    time to checkpoint simulation: 2e-07
    time to finalize data and save to files: 1.9858
    miscellaneous time: 46.0508
    FDTD solver speed on process 0: 246.635 Mnodes/s
    total FDTD solver speed on 1 processes: 246.635 Mnodes/s
