Ansys Lumerical 2022 R1.3 FDTD Solver Version 8.27.3016 (Windows 64bit)
 expires (month/day/year): Permanent
using config file: Ansys Licensing set with ANSYSLMD_LICENSE_FILE
license host: 1055@10.75.218.24
current time: qua out 16 15:52:46 2024
Running on host: DESKTOP-6CRJTJB
host available memory (GB): 54.040773
All processes are communicating and ready to proceed to simulation...
Running fsp file: C:\Program Files\Lumerical\v221\bin\fdtd-engine.exe -t 1 -remote C:/Users/alves/Documents/SimulacaoFDE/SimulacaoTM_FDTD.fsp
Starting meshing
Simulation size in gridpoints: 1 x 35 x 10
Refined 0 mesh cells (0%)
Completed meshing!
Meshing complete in 0 seconds of CPU time
Starting meshing
Simulation size in gridpoints: 1 x 35 x 10
Refined 0 mesh cells (0%)
Completed meshing!
Meshing complete in 0 seconds of CPU time
Starting meshing
Simulation size in gridpoints: 1 x 35 x 10
Refined 0 mesh cells (0%)
Completed meshing!
Meshing complete in 0 seconds of CPU time
left is a duplicate key.
bottom is a duplicate key.
z1 is a duplicate key.
z2 is a duplicate key.
Nx is a duplicate key.
Ny is a duplicate key.
Nz is a duplicate key.
Starting meshing
Simulation size in gridpoints: 45 x 1 x 10
Refined 0 mesh cells (0%)
Completed meshing!
Meshing complete in 0 seconds of CPU time
Starting meshing
Simulation size in gridpoints: 45 x 1 x 10
Refined 0 mesh cells (0%)
Completed meshing!
Meshing complete in 0 seconds of CPU time
Starting meshing
Simulation size in gridpoints: 45 x 1 x 10
Refined 0 mesh cells (0%)
Completed meshing!
Meshing complete in 0 seconds of CPU time
left is a duplicate key.
bottom is a duplicate key.
z1 is a duplicate key.
z2 is a duplicate key.
Nx is a duplicate key.
Ny is a duplicate key.
Nz is a duplicate key.
Starting meshing
Simulation size in gridpoints: 1 x 35 x 10
Refined 0 mesh cells (0%)
Completed meshing!
Meshing complete in 0 seconds of CPU time
Starting meshing
Simulation size in gridpoints: 1 x 35 x 10
Refined 0 mesh cells (0%)
Completed meshing!
Meshing complete in 0 seconds of CPU time
Starting meshing
Simulation size in gridpoints: 1 x 35 x 10
Refined 0 mesh cells (0%)
Completed meshing!
Meshing complete in 0 seconds of CPU time
left is a duplicate key.
bottom is a duplicate key.
z1 is a duplicate key.
z2 is a duplicate key.
Nx is a duplicate key.
Ny is a duplicate key.
Nz is a duplicate key.
Starting meshing
Simulation size in gridpoints: 45 x 1 x 10
Refined 0 mesh cells (0%)
Completed meshing!
Meshing complete in 0 seconds of CPU time
Starting meshing
Simulation size in gridpoints: 45 x 1 x 10
Refined 0 mesh cells (0%)
Completed meshing!
Meshing complete in 0 seconds of CPU time
Starting meshing
Simulation size in gridpoints: 45 x 1 x 10
Refined 0 mesh cells (0%)
Completed meshing!
Meshing complete in 0 seconds of CPU time
Starting meshing
Simulation size in gridpoints: 45 x 1 x 10
Refined 0 mesh cells (0%)
Completed meshing!
Meshing complete in 0 seconds of CPU time
Starting meshing
Simulation size in gridpoints: 45 x 1 x 10
Refined 0 mesh cells (0%)
Completed meshing!
Meshing complete in 0 seconds of CPU time
Starting meshing
Simulation size in gridpoints: 45 x 1 x 10
Refined 0 mesh cells (0%)
Completed meshing!
Meshing complete in 0 seconds of CPU time
left is a duplicate key.
bottom is a duplicate key.
z1 is a duplicate key.
z2 is a duplicate key.
Nx is a duplicate key.
Ny is a duplicate key.
Nz is a duplicate key.
number of processors is 1
processors are distributed as: 1x1x1
Running 3D Simulation
Starting meshing
Simulation size in gridpoints: 769 x 308 x 28
Refined 0 mesh cells (0%)
Completed meshing!
Meshing complete in 1.45312 seconds of CPU time
0 0
Starting meshing
Simulation size in gridpoints: 769 x 308 x 28
Refined 0 mesh cells (0%)
Completed meshing!
Meshing complete in 1.35938 seconds of CPU time
0 0
Starting meshing
Simulation size in gridpoints: 769 x 308 x 28
Refined 0 mesh cells (0%)
Completed meshing!
Meshing complete in 1.57812 seconds of CPU time
0 0
finished material properties
Meshing Time: 6.82282 seconds, Init Electrical Material Time: 0.344971 seconds, Init Magnetic Material Time: 0.0098477
Using selected optimization level: 2
Selecting 3d kernel for splitFieldDirection=0 and optLevel=2
-----------------------------------------
Beginning initialization of 3D Simulation
Starting to add sources to simulation
Adding 3D Mode source propagating in Y
Using frequency dependent profile
Starting to add boundary conditions to simulation
Adding 3D PML BC
Adding 3D PML BC
Adding 3D PML BC
Adding 3D PML BC
Adding 3D Anti-Symmetric BC
Adding 3D PML BC
Starting to add monitors to Simulation
Adding analysis monitor
Adding 3D DFT monitor
Adding 3D DFT monitor
Adding 3D DFT monitor
Adding 3D DFT monitor
Adding 3D DFT monitor
Finished initialization of 3D Simulation
-----------------------------------------
All processes are communicating and ready to proceed to simulation...
Starting 14557 total iterations
0.329748% complete. Max time remaining: 12 mins, 45 secs. Auto Shutoff: 1
1.42891% complete. Max time remaining: 12 mins, 37 secs. Auto Shutoff: 1
2.52807% complete. Max time remaining: 12 mins, 28 secs. Auto Shutoff: 1
3.62723% complete. Max time remaining: 12 mins, 17 secs. Auto Shutoff: 1
4.72639% complete. Max time remaining: 12 mins, 9 secs. Auto Shutoff: 1
5.82555% complete. Max time remaining: 11 mins, 60 secs. Auto Shutoff: 0.956765
6.92471% complete. Max time remaining: 11 mins, 50 secs. Auto Shutoff: 0.950252
8.02387% complete. Max time remaining: 11 mins, 40 secs. Auto Shutoff: 0.942808
9.12303% complete. Max time remaining: 11 mins, 31 secs. Auto Shutoff: 0.919872
10.2222% complete. Max time remaining: 11 mins, 22 secs. Auto Shutoff: 0.90521
11.3214% complete. Max time remaining: 11 mins, 14 secs. Auto Shutoff: 0.886095
12.4205% complete. Max time remaining: 11 mins, 4 secs. Auto Shutoff: 0.878442
13.5197% complete. Max time remaining: 10 mins, 55 secs. Auto Shutoff: 0.870902
14.6188% complete. Max time remaining: 10 mins, 46 secs. Auto Shutoff: 0.866544
15.718% complete. Max time remaining: 10 mins, 38 secs. Auto Shutoff: 0.865374
16.8172% complete. Max time remaining: 10 mins, 30 secs. Auto Shutoff: 0.861767
17.9163% complete. Max time remaining: 10 mins, 23 secs. Auto Shutoff: 0.860039
19.0155% complete. Max time remaining: 10 mins, 15 secs. Auto Shutoff: 0.856442
20.1146% complete. Max time remaining: 10 mins, 7 secs. Auto Shutoff: 0.856324
21.2138% complete. Max time remaining: 9 mins, 59 secs. Auto Shutoff: 0.853795
22.313% complete. Max time remaining: 9 mins, 51 secs. Auto Shutoff: 0.852104
23.4121% complete. Max time remaining: 9 mins, 43 secs. Auto Shutoff: 0.850547
24.5113% complete. Max time remaining: 9 mins, 35 secs. Auto Shutoff: 0.847017
25.6104% complete. Max time remaining: 9 mins, 27 secs. Auto Shutoff: 0.845273
26.7096% complete. Max time remaining: 9 mins, 18 secs. Auto Shutoff: 0.84112
27.8088% complete. Max time remaining: 9 mins, 10 secs. Auto Shutoff: 0.834502
28.9079% complete. Max time remaining: 9 mins, 2 secs. Auto Shutoff: 0.829593
30.0071% complete. Max time remaining: 8 mins, 54 secs. Auto Shutoff: 0.817484
31.1062% complete. Max time remaining: 8 mins, 45 secs. Auto Shutoff: 0.809073
32.2054% complete. Max time remaining: 8 mins, 37 secs. Auto Shutoff: 0.785743
33.3046% complete. Max time remaining: 8 mins, 29 secs. Auto Shutoff: 0.771742
34.4037% complete. Max time remaining: 8 mins, 21 secs. Auto Shutoff: 0.741399
35.5029% complete. Max time remaining: 8 mins, 12 secs. Auto Shutoff: 0.704969
36.6021% complete. Max time remaining: 8 mins, 4 secs. Auto Shutoff: 0.68428
37.7012% complete. Max time remaining: 7 mins, 55 secs. Auto Shutoff: 0.641196
39.0202% complete. Max time remaining: 7 mins, 39 secs. Auto Shutoff: 0.597837
40.1194% complete. Max time remaining: 7 mins, 28 secs. Auto Shutoff: 0.577723
41.2185% complete. Max time remaining: 7 mins, 20 secs. Auto Shutoff: 0.544505
42.3177% complete. Max time remaining: 7 mins, 12 secs. Auto Shutoff: 0.528851
43.4168% complete. Max time remaining: 7 mins, 4 secs. Auto Shutoff: 0.50458
44.516% complete. Max time remaining: 6 mins, 56 secs. Auto Shutoff: 0.48643
45.6152% complete. Max time remaining: 6 mins, 48 secs. Auto Shutoff: 0.477275
46.7143% complete. Max time remaining: 6 mins, 40 secs. Auto Shutoff: 0.45469
47.8135% complete. Max time remaining: 6 mins, 32 secs. Auto Shutoff: 0.436246
48.9127% complete. Max time remaining: 6 mins, 24 secs. Auto Shutoff: 0.380535
50.0118% complete. Max time remaining: 6 mins, 16 secs. Auto Shutoff: 0.293838
51.111% complete. Max time remaining: 6 mins, 8 secs. Auto Shutoff: 0.250222
52.2101% complete. Max time remaining: 5 mins, 60 secs. Auto Shutoff: 0.157105
53.3093% complete. Max time remaining: 5 mins, 52 secs. Auto Shutoff: 0.128212
54.4085% complete. Max time remaining: 5 mins, 43 secs. Auto Shutoff: 0.0720402
55.5076% complete. Max time remaining: 5 mins, 35 secs. Auto Shutoff: 0.0513945
56.6068% complete. Max time remaining: 5 mins, 27 secs. Auto Shutoff: 0.0202415
57.7059% complete. Max time remaining: 5 mins, 19 secs. Auto Shutoff: 0.00741756
58.8051% complete. Max time remaining: 5 mins, 11 secs. Auto Shutoff: 0.00571939
59.9043% complete. Max time remaining: 5 mins, 2 secs. Auto Shutoff: 0.00189716
61.0034% complete. Max time remaining: 4 mins, 54 secs. Auto Shutoff: 0.000418234
62.1026% complete. Max time remaining: 4 mins, 46 secs. Auto Shutoff: 1.5584e-05
63.2017% complete. Max time remaining: 4 mins, 38 secs. Auto Shutoff: 1.17093e-05
64.3009% complete. Max time remaining: 4 mins, 29 secs. Auto Shutoff: 1.15012e-05
65.4001% complete. Max time remaining: 4 mins, 21 secs. Auto Shutoff: 1.09862e-05
66.4992% complete. Max time remaining: 4 mins, 13 secs. Auto Shutoff: 1.08811e-05
67.5984% complete. Max time remaining: 4 mins, 5 secs. Auto Shutoff: 1.06333e-05
68.6975% complete. Max time remaining: 3 mins, 56 secs. Auto Shutoff: 1.03568e-05
100% complete. Max time remaining: 0 mins, 0 secs. Auto Shutoff: 9.82968e-06
Early termination of simulation, the autoshutoff criteria are satisfied.
Completed 10103 iterations, or 8.156581e-13s of Simulation Time
Process 0 starting to collect data
    collecting monitor data
    collecting source data
Using frequency dependent profile
Finished collecting data
left is a duplicate key.
bottom is a duplicate key.
z1 is a duplicate key.
z2 is a duplicate key.
Nx is a duplicate key.
Ny is a duplicate key.
Nz is a duplicate key.
left is a duplicate key.
bottom is a duplicate key.
z1 is a duplicate key.
z2 is a duplicate key.
Nx is a duplicate key.
Ny is a duplicate key.
Nz is a duplicate key.
left is a duplicate key.
bottom is a duplicate key.
z1 is a duplicate key.
z2 is a duplicate key.
Nx is a duplicate key.
Ny is a duplicate key.
Nz is a duplicate key.
left is a duplicate key.
bottom is a duplicate key.
z1 is a duplicate key.
z2 is a duplicate key.
Nx is a duplicate key.
Ny is a duplicate key.
Nz is a duplicate key.
Simulation completed successfully at: qua out 16 16:01:45 2024
Overall wall time measurements in seconds: 584.38
    time to mesh and initialize: 11.2013
    time to run FDTD simulation: 524.412
    time to checkpoint simulation: 3e-07
    time to finalize data and save to files: 2.66516
    miscellaneous time: 46.101
    FDTD solver speed on process 0: 127.765 Mnodes/s
    total FDTD solver speed on 1 processes: 127.765 Mnodes/s
