Warning: your license expires in 0 days!
Ansys Lumerical 2022 R1.3 FDTD Solver Version 8.27.3016 (Windows 64bit)
 expires (month/day/year): 12/16/2024
using config file: Ansys Licensing set with ANSYSLMD_LICENSE_FILE
license host: 1055@10.75.218.24
current time: seg dez 16 03:00:07 2024
Running on host: DESKTOP-6CRJTJB
host available memory (GB): 55.533969
All processes are communicating and ready to proceed to simulation...
Running fsp file: C:\Program Files\Lumerical\v221\bin\fdtd-engine.exe -t 1 -remote C:/Users/alves/Documents/Photonics/final_project/Optimization_2D/forward_15.fsp
Starting meshing
Simulation size in gridpoints: 1 x 231 x 1
Refined 0 mesh cells (0%)
Completed meshing!
Meshing complete in 0 seconds of CPU time
Starting meshing
Simulation size in gridpoints: 1 x 231 x 1
Refined 0 mesh cells (0%)
Completed meshing!
Meshing complete in 0 seconds of CPU time
Starting meshing
Simulation size in gridpoints: 1 x 231 x 1
Refined 0 mesh cells (0%)
Completed meshing!
Meshing complete in 0 seconds of CPU time
number of processors is 1
processors are distributed as: 1x1x1
Running 2D Simulation
Starting meshing
Simulation size in gridpoints: 490 x 242 x 1
Refined 0 mesh cells (0%)
Completed meshing!
Meshing complete in 0.015625 seconds of CPU time
0 0
Starting meshing
Simulation size in gridpoints: 490 x 242 x 1
Refined 0 mesh cells (0%)
Completed meshing!
Meshing complete in 0.015625 seconds of CPU time
0 0
finished material properties
Selected kernel with optimization level: 2 and split-field propagation direction: 0
Starting meshing
Simulation size in gridpoints: 490 x 242 x 1
Refined 0 mesh cells (0%)
Completed meshing!
Meshing complete in 0 seconds of CPU time
0 0
Selected kernel with optimization level: 2 and split-field propagation direction: 0
-----------------------------------------
Beginning initialization of 2D FDTD Simulation
  Including TE Simulation
Starting to add sources to simulation

Adding Mode source propagating in X
Starting to add boundary conditions to simulation
Adding PML BC
Adding PML BC
Adding Anti-Symmetric BC
Adding PML BC
Starting to add monitors to Simulation
Adding analysis monitor
Adding frequency monitor
Adding frequency monitor
Adding index monitor
Adding frequency monitor
Finished initialization of 2D Simulation
-----------------------------------------
All processes are communicating and ready to proceed to simulation...
Starting 75285 total iterations
0.0637578% complete. Max time remaining: 48 secs. Auto Shutoff: 1
1.33891% complete. Max time remaining: 38 secs. Auto Shutoff: 1
2.69908% complete. Max time remaining: 37 secs. Auto Shutoff: 1
5.41941% complete. Max time remaining: 36 secs. Auto Shutoff: 1
8.13974% complete. Max time remaining: 35 secs. Auto Shutoff: 0.0169017
10.8601% complete. Max time remaining: 34 secs. Auto Shutoff: 0.000240049
13.5804% complete. Max time remaining: 33 secs. Auto Shutoff: 1.09461e-05
100% complete. Max time remaining: 0 mins, 0 secs. Auto Shutoff: 7.11699e-06
Early termination of simulation, the autoshutoff criteria are satisfied.
Completed 10290 iterations, or 1.366808e-13s of Simulation Time
Process 0 starting to collect data
    collecting TM monitor data
    collecting TE monitor data
    collecting TM source data
    collecting TE source data
Finished collecting data
Simulation completed successfully at: seg dez 16 03:00:13 2024
Overall wall time measurements in seconds: 17.5519
    time to mesh and initialize: 0.240843
    time to run FDTD simulation: 5.20789
    time to checkpoint simulation: 2e-07
    time to finalize data and save to files: 0.449403
    miscellaneous time: 11.6537
    FDTD solver speed on process 0: 234.296 Mnodes/s
    total FDTD solver speed on 1 processes: 234.296 Mnodes/s
