Ansys Lumerical 2024 R2.3 FDTD Solver Version 8.32.3941 (Windows 64bit)
 expires (month/day/year): Permanent
using config file: Ansys Licensing set with ANSYSLMD_LICENSE_FILE
license host: 1055@melicense.embedded.ufcg.edu.br,1055@localhost,1055@localhost
current time: sex jun 13 17:11:27 2025
Running on host: DESKTOP-6CRJTJB
host available memory (GB): 53.827555
All processes are communicating and ready to proceed to simulation...
Running fsp file: C:\Program Files\Lumerical\v242\bin\fdtd-engine.exe -t 1 -remote -hide -shared-solve-license QU5TWVNfTElDRU5TSU5HX0NPTlRFWFRfREFUQT08QU5TWVNfTElDRU5TSU5HX0NPTlRFWFRfREFUQT48SUQ+YjVlYzhhMDEtMDA2MC00NTNkLTlhMzAtZDJhMjEwZmFlMGU4PC9JRD48VFlQRT5BUFBfREVGSU5FRDwvVFlQRT48TkFNRT5sdW1fc3RhbmRhcmRfc29sdmVfc2hhcmU8L05BTUU+PEhBTkRMRVI+NjIyNTlAREVTS1RPUC02Q1JKVEpCPC9IQU5ETEVSPjwvQU5TWVNfTElDRU5TSU5HX0NPTlRFWFRfREFUQT4K C:/Users/alves/Documents/Photonics/CML/Simulacao_FDTD_Simulation_17/Simulation_17_2.fsp
Estimate of memory required: 1.52383e+09 bytes
Starting meshing
Simulation size in gridpoints: 45 x 1 x 10
Refined 0 mesh cells (0.000000%)
Completed meshing!
Meshing complete in 0.000000 seconds of CPU time
Starting meshing
Simulation size in gridpoints: 45 x 1 x 10
Refined 0 mesh cells (0.000000%)
Completed meshing!
Meshing complete in 0.000000 seconds of CPU time
Starting meshing
Simulation size in gridpoints: 45 x 1 x 10
Refined 0 mesh cells (0.000000%)
Completed meshing!
Meshing complete in 0.000000 seconds of CPU time
left is a duplicate key.
bottom is a duplicate key.
z1 is a duplicate key.
z2 is a duplicate key.
Nx is a duplicate key.
Ny is a duplicate key.
Nz is a duplicate key.
Starting meshing
Simulation size in gridpoints: 45 x 1 x 10
Refined 0 mesh cells (0.000000%)
Completed meshing!
Meshing complete in 0.000000 seconds of CPU time
Starting meshing
Simulation size in gridpoints: 45 x 1 x 10
Refined 0 mesh cells (0.000000%)
Completed meshing!
Meshing complete in 0.000000 seconds of CPU time
Starting meshing
Simulation size in gridpoints: 45 x 1 x 10
Refined 0 mesh cells (0.000000%)
Completed meshing!
Meshing complete in 0.000000 seconds of CPU time
Starting meshing
Simulation size in gridpoints: 45 x 1 x 10
Refined 0 mesh cells (0.000000%)
Completed meshing!
Meshing complete in 0.000000 seconds of CPU time
Starting meshing
Simulation size in gridpoints: 45 x 1 x 10
Refined 0 mesh cells (0.000000%)
Completed meshing!
Meshing complete in 0.000000 seconds of CPU time
Starting meshing
Simulation size in gridpoints: 45 x 1 x 10
Refined 0 mesh cells (0.000000%)
Completed meshing!
Meshing complete in 0.000000 seconds of CPU time
left is a duplicate key.
bottom is a duplicate key.
z1 is a duplicate key.
z2 is a duplicate key.
Nx is a duplicate key.
Ny is a duplicate key.
Nz is a duplicate key.
Starting meshing
Simulation size in gridpoints: 1 x 37 x 10
Refined 0 mesh cells (0.000000%)
Completed meshing!
Meshing complete in 0.000000 seconds of CPU time
Starting meshing
Simulation size in gridpoints: 1 x 37 x 10
Refined 0 mesh cells (0.000000%)
Completed meshing!
Meshing complete in 0.000000 seconds of CPU time
Starting meshing
Simulation size in gridpoints: 1 x 37 x 10
Refined 0 mesh cells (0.000000%)
Completed meshing!
Meshing complete in 0.000000 seconds of CPU time
left is a duplicate key.
bottom is a duplicate key.
z1 is a duplicate key.
z2 is a duplicate key.
Nx is a duplicate key.
Ny is a duplicate key.
Nz is a duplicate key.
Starting meshing
Simulation size in gridpoints: 1 x 37 x 10
Refined 0 mesh cells (0.000000%)
Completed meshing!
Meshing complete in 0.000000 seconds of CPU time
Starting meshing
Simulation size in gridpoints: 1 x 37 x 10
Refined 0 mesh cells (0.000000%)
Completed meshing!
Meshing complete in 0.000000 seconds of CPU time
Starting meshing
Simulation size in gridpoints: 1 x 37 x 10
Refined 0 mesh cells (0.000000%)
Completed meshing!
Meshing complete in 0.000000 seconds of CPU time
left is a duplicate key.
bottom is a duplicate key.
z1 is a duplicate key.
z2 is a duplicate key.
Nx is a duplicate key.
Ny is a duplicate key.
Nz is a duplicate key.
number of processors is 1
processors are distributed as: 1x1x1
Peak memory used by end of initialization: 123045 kB
Running 3D Simulation
Starting meshing
Simulation size in gridpoints: 1459 x 313 x 33
Refined 0 mesh cells (0.000000%)
Completed meshing!
Meshing complete in 1.015625 seconds of CPU time
Starting meshing
Simulation size in gridpoints: 1459 x 313 x 33
Refined 0 mesh cells (0.000000%)
Completed meshing!
Meshing complete in 1.046875 seconds of CPU time
Starting meshing
Simulation size in gridpoints: 1459 x 313 x 33
Refined 0 mesh cells (0.000000%)
Completed meshing!
Meshing complete in 0.968750 seconds of CPU time
finished material properties
Meshing Time: 3.651148 seconds, Init Electrical Material Time: 0.671610 seconds, Init Magnetic Material Time: 0.065622
Using selected optimization level: 2
Selecting 3d kernel for splitFieldDirection=0 and optLevel=2
-----------------------------------------
Beginning initialization of 3D Simulation
Starting to add sources to simulation
Adding 3D Mode source propagating in Y
Using frequency dependent profile
Starting to add boundary conditions to simulation
Adding 3D PML BC
Adding 3D PML BC
Adding 3D PML BC
Adding 3D PML BC
Adding 3D Symmetric BC
Adding 3D PML BC
Starting to add monitors to Simulation
Adding analysis monitor
Adding 3D DFT monitor
Adding 3D DFT monitor
Adding 3D DFT monitor
Adding 3D DFT monitor
Adding 3D DFT monitor
Finished initialization of 3D Simulation
-----------------------------------------
Peak memory used by end of meshing: 1543825 kB
All processes are communicating and ready to proceed to simulation...
Starting 23132 total iterations
0.138338% complete. Elapsed simulation time: 2.5835e-15 secs. Max time remaining: 1 hr, 2 mins, 11 secs. Auto Shutoff: 1
1.14129% complete. Elapsed simulation time: 2.13138e-14 secs. Max time remaining: 1 hr, 24 mins, 2 secs. Auto Shutoff: 1
2.16153% complete. Elapsed simulation time: 4.03671e-14 secs. Max time remaining: 1 hr, 23 mins, 54 secs. Auto Shutoff: 1
3.16448% complete. Elapsed simulation time: 5.90975e-14 secs. Max time remaining: 1 hr, 24 mins, 23 secs. Auto Shutoff: 1
4.18472% complete. Elapsed simulation time: 7.81507e-14 secs. Max time remaining: 1 hr, 23 mins, 55 secs. Auto Shutoff: 0.991551
5.18767% complete. Elapsed simulation time: 9.68811e-14 secs. Max time remaining: 1 hr, 22 mins, 2 secs. Auto Shutoff: 0.991209
6.19062% complete. Elapsed simulation time: 1.15611e-13 secs. Max time remaining: 1 hr, 19 mins, 52 secs. Auto Shutoff: 0.991104
7.19357% complete. Elapsed simulation time: 1.34342e-13 secs. Max time remaining: 1 hr, 18 mins, 5 secs. Auto Shutoff: 0.99043
8.19652% complete. Elapsed simulation time: 1.53072e-13 secs. Max time remaining: 1 hr, 16 mins, 38 secs. Auto Shutoff: 0.989095
9.21676% complete. Elapsed simulation time: 1.72125e-13 secs. Max time remaining: 1 hr, 15 mins, 53 secs. Auto Shutoff: 0.991473
10.237% complete. Elapsed simulation time: 1.91179e-13 secs. Max time remaining: 1 hr, 13 mins, 21 secs. Auto Shutoff: 0.991425
11.2572% complete. Elapsed simulation time: 2.10232e-13 secs. Max time remaining: 1 hr, 12 mins, 10 secs. Auto Shutoff: 0.988013
12.2602% complete. Elapsed simulation time: 2.28962e-13 secs. Max time remaining: 1 hr, 11 mins, 19 secs. Auto Shutoff: 0.988395
