Ansys Lumerical 2022 R1.3 Variational FDTD Solver Version 7.19.3016 (Windows 64bit)
 expires (month/day/year): Permanent
using config file: Ansys Licensing set with ANSYSLMD_LICENSE_FILE
license host: 1055@10.75.218.24
current time: sex out 4 15:49:31 2024
Running on host: DESKTOP-6CRJTJB
All processes are communicating and ready to proceed to simulation...
Running lms file: C:\Program Files\Lumerical\v221\bin\varfdtd-engine.exe -t 1 -remote C:/Users/alves/Documents/Lab07/Lab07_sim01.lms
Starting meshing
Simulation size in gridpoints: 1 x 178 x 1
Refined 0 mesh cells (0%)
Completed meshing!
Meshing complete in 0 seconds of CPU time
Starting meshing
Simulation size in gridpoints: 1 x 178 x 1
Refined 0 mesh cells (0%)
Completed meshing!
Meshing complete in 0 seconds of CPU time
Starting meshing
Simulation size in gridpoints: 1 x 178 x 1
Refined 0 mesh cells (0%)
Completed meshing!
Meshing complete in 0 seconds of CPU time
Starting meshing
Simulation size in gridpoints: 1 x 178 x 1
Refined 0 mesh cells (0%)
Completed meshing!
Meshing complete in 0 seconds of CPU time
Starting meshing
Simulation size in gridpoints: 1 x 178 x 1
Refined 0 mesh cells (0%)
Completed meshing!
Meshing complete in 0 seconds of CPU time
Starting meshing
Simulation size in gridpoints: 1 x 178 x 1
Refined 0 mesh cells (0%)
Completed meshing!
Meshing complete in 0 seconds of CPU time
number of processors is 1
processors are distributed as: 1x1x1
Running TE Simulation
Starting meshing
Simulation size in gridpoints: 680 x 1134 x 1
Refined 0 mesh cells (0%)
Completed meshing!
Meshing complete in 1.6875 seconds of CPU time
0 0
Starting meshing
Simulation size in gridpoints: 680 x 1134 x 1
Refined 0 mesh cells (0%)
Completed meshing!
Meshing complete in 1.53125 seconds of CPU time
0 0
finished material properties
Selected kernel with optimization level: 0 and split-field propagation direction: 0
-----------------------------------------
Beginning initialization of TE Simulation
Starting to add sources to simulation
Adding TE Mode Source propagating in X
Adding TE Mode Source propagating in X
Starting to add boundary conditions to simulation
Adding TE PML BC
Adding TE PML BC
Adding TE PML BC
Adding TE PML BC
Starting to add monitors to Simulation
Adding analysis monitor
Adding TE DFT monitor
Adding TE DFT monitor
Adding TE DFT monitor
Adding TE DFT monitor
Finished initialization of TE Simulation
-----------------------------------------
All processes are communicating and ready to proceed to simulation...
Starting 21868 total iterations
0% complete. Max time remaining: 3 mins, 10 secs. Auto Shutoff: 1
1% complete. Max time remaining: 2 mins, 14 secs. Auto Shutoff: 1
2% complete. Max time remaining: 2 mins, 11 secs. Auto Shutoff: 1
3% complete. Max time remaining: 2 mins, 9 secs. Auto Shutoff: 1
5% complete. Max time remaining: 2 mins, 7 secs. Auto Shutoff: 1
6% complete. Max time remaining: 2 mins, 4 secs. Auto Shutoff: 1
7% complete. Max time remaining: 2 mins, 1 secs. Auto Shutoff: 1
8% complete. Max time remaining: 1 min, 53 secs. Auto Shutoff: 1
10% complete. Max time remaining: 1 min, 40 secs. Auto Shutoff: 1
13% complete. Max time remaining: 1 min, 31 secs. Auto Shutoff: 1
15% complete. Max time remaining: 1 min, 25 secs. Auto Shutoff: 1
17% complete. Max time remaining: 1 min, 19 secs. Auto Shutoff: 1
20% complete. Max time remaining: 1 min, 15 secs. Auto Shutoff: 1
22% complete. Max time remaining: 1 min, 11 secs. Auto Shutoff: 1
25% complete. Max time remaining: 1 min, 8 secs. Auto Shutoff: 1.00008
27% complete. Max time remaining: 1 min, 5 secs. Auto Shutoff: 1.0128
29% complete. Max time remaining: 1 min, 3 secs. Auto Shutoff: 0.878511
32% complete. Max time remaining: 60 secs. Auto Shutoff: 0.398078
34% complete. Max time remaining: 57 secs. Auto Shutoff: 0.0689837
36% complete. Max time remaining: 55 secs. Auto Shutoff: 0.0125857
39% complete. Max time remaining: 53 secs. Auto Shutoff: 0.00284401
41% complete. Max time remaining: 50 secs. Auto Shutoff: 0.00145665
43% complete. Max time remaining: 48 secs. Auto Shutoff: 0.00116218
46% complete. Max time remaining: 46 secs. Auto Shutoff: 0.000432143
48% complete. Max time remaining: 43 secs. Auto Shutoff: 5.95074e-05
50% complete. Max time remaining: 42 secs. Auto Shutoff: 5.8276e-06
Early termination of simulation, the autoshutoff criteria are satisfied.
Completed 10875 iterations, or 4.97293e-13s of Simulation Time
Process 0 starting to collect data
    collecting monitor data
    collecting source data
Finished collecting data
771120

10875

41.3181

Simulation completed successfully at: sex out 4 15:50:23 2024
Overall wall time measurements in seconds: 76.9531
    time to mesh and initialize: 4.92889
    time to run FDTD simulation: 41.3181
    time to finalize data and save to files: 5.8511
    miscellaneous time: 24.855
    FDTD solver speed on process 0: 202.96 Mnodes/s
    total FDTD solver speed on 1 processes: 202.96 Mnodes/s
